<?xml version="1.0" encoding="utf-8"?><testsuites name="pytest tests"><testsuite name="pytest" errors="0" failures="0" skipped="0" tests="10" time="1.962" timestamp="2026-03-28T09:23:01.945852+00:00" hostname="agent-env-6940598e-929e-4c1f-ac22-29a38db6ed80"><testcase classname="backend.tests.test_account_head_hierarchy.TestAccountHeadAPI" name="test_get_account_heads" time="0.103" /><testcase classname="backend.tests.test_account_head_hierarchy.TestPartyWithAccountHead" name="test_create_party_with_account_head" time="0.193" /><testcase classname="backend.tests.test_account_head_hierarchy.TestPartyWithAccountHead" name="test_create_party_with_parent_ledger" time="0.422" /><testcase classname="backend.tests.test_account_head_hierarchy.TestPartyWithAccountHead" name="test_update_party_account_head" time="0.303" /><testcase classname="backend.tests.test_account_head_hierarchy.TestGroupedReports" name="test_parties_grouped_endpoint" time="0.098" /><testcase classname="backend.tests.test_account_head_hierarchy.TestGroupedReports" name="test_simple_profit_loss_report" time="0.090" /><testcase classname="backend.tests.test_account_head_hierarchy.TestGroupedReports" name="test_simple_balance_sheet_report" time="0.099" /><testcase classname="backend.tests.test_account_head_hierarchy.TestExpenseCategories" name="test_expense_api_with_category" time="0.208" /><testcase classname="backend.tests.test_account_head_hierarchy.TestExpenseCategories" name="test_expense_summary_by_category" time="0.098" /><testcase classname="backend.tests.test_account_head_hierarchy.TestLedgerWithDirectExpense" name="test_direct_expense_ledger_in_pl" time="0.286" /></testsuite></testsuites>