<?xml version="1.0" encoding="utf-8"?><testsuites name="pytest tests"><testsuite name="pytest" errors="0" failures="0" skipped="0" tests="33" time="6.597" timestamp="2026-03-27T14:07:54.672275+00:00" hostname="agent-env-6940598e-929e-4c1f-ac22-29a38db6ed80"><testcase classname="backend.tests.test_accounting_system.TestPartyLedger" name="test_create_party_with_opening_balance" time="0.250" /><testcase classname="backend.tests.test_accounting_system.TestPartyLedger" name="test_get_all_parties" time="0.106" /><testcase classname="backend.tests.test_accounting_system.TestPartyLedger" name="test_get_party_by_id" time="0.155" /><testcase classname="backend.tests.test_accounting_system.TestPartyLedger" name="test_update_party" time="0.118" /><testcase classname="backend.tests.test_accounting_system.TestPartyLedger" name="test_get_party_ledger_empty" time="0.117" /><testcase classname="backend.tests.test_accounting_system.TestCashBook" name="test_add_credit_transaction" time="0.117" /><testcase classname="backend.tests.test_accounting_system.TestCashBook" name="test_add_debit_transaction_upi" time="0.112" /><testcase classname="backend.tests.test_accounting_system.TestCashBook" name="test_add_debit_transaction_bank" time="0.103" /><testcase classname="backend.tests.test_accounting_system.TestCashBook" name="test_get_cashbook_for_date" time="0.152" /><testcase classname="backend.tests.test_accounting_system.TestCashBook" name="test_get_monthly_cashbook" time="0.116" /><testcase classname="backend.tests.test_accounting_system.TestCashBook" name="test_delete_transaction" time="0.234" /><testcase classname="backend.tests.test_accounting_system.TestInterestByaj" name="test_create_interest_account" time="0.126" /><testcase classname="backend.tests.test_accounting_system.TestInterestByaj" name="test_get_all_interest_accounts" time="0.099" /><testcase classname="backend.tests.test_accounting_system.TestInterestByaj" name="test_calculate_interest" time="0.105" /><testcase classname="backend.tests.test_accounting_system.TestInterestByaj" name="test_add_interest_to_cashbook" time="0.108" /><testcase classname="backend.tests.test_accounting_system.TestInterestByaj" name="test_party_ledger_shows_interest_entry" time="0.112" /><testcase classname="backend.tests.test_accounting_system.TestExpenses" name="test_add_expense_with_category" time="0.191" /><testcase classname="backend.tests.test_accounting_system.TestExpenses" name="test_expense_auto_linked_to_cashbook" time="0.135" /><testcase classname="backend.tests.test_accounting_system.TestExpenses" name="test_add_expense_with_party" time="0.105" /><testcase classname="backend.tests.test_accounting_system.TestExpenses" name="test_get_expenses_by_month" time="0.168" /><testcase classname="backend.tests.test_accounting_system.TestExpenses" name="test_get_expense_summary_by_category" time="0.110" /><testcase classname="backend.tests.test_accounting_system.TestExpenses" name="test_delete_expense" time="0.155" /><testcase classname="backend.tests.test_accounting_system.TestReports" name="test_profit_loss_report" time="0.105" /><testcase classname="backend.tests.test_accounting_system.TestReports" name="test_payment_mode_report" time="0.111" /><testcase classname="backend.tests.test_accounting_system.TestReports" name="test_daily_cash_flow" time="0.107" /><testcase classname="backend.tests.test_accounting_system.TestPaySalary" name="test_create_staff_for_salary" time="0.134" /><testcase classname="backend.tests.test_accounting_system.TestPaySalary" name="test_mark_attendance_for_salary" time="2.301" /><testcase classname="backend.tests.test_accounting_system.TestPaySalary" name="test_pay_salary_auto_adds_to_cashbook" time="0.131" /><testcase classname="backend.tests.test_accounting_system.TestPaySalary" name="test_salary_appears_in_expenses" time="0.119" /><testcase classname="backend.tests.test_accounting_system.TestPaySalary" name="test_duplicate_salary_payment_blocked" time="0.111" /><testcase classname="backend.tests.test_accounting_system.TestCleanup" name="test_cleanup_interest_account" time="0.116" /><testcase classname="backend.tests.test_accounting_system.TestCleanup" name="test_cleanup_staff" time="0.139" /><testcase classname="backend.tests.test_accounting_system.TestCleanup" name="test_cleanup_party" time="0.108" /></testsuite></testsuites>