<?xml version="1.0" encoding="utf-8"?><testsuites name="pytest tests"><testsuite name="pytest" errors="0" failures="0" skipped="0" tests="15" time="1.862" timestamp="2026-03-28T08:50:23.043656+00:00" hostname="agent-env-6940598e-929e-4c1f-ac22-29a38db6ed80"><testcase classname="backend.tests.test_auth_flow.TestAuthFlow" name="test_login_with_correct_password" time="0.231" /><testcase classname="backend.tests.test_auth_flow.TestAuthFlow" name="test_login_with_wrong_password" time="0.104" /><testcase classname="backend.tests.test_auth_flow.TestAuthFlow" name="test_login_with_empty_password" time="0.097" /><testcase classname="backend.tests.test_auth_flow.TestPasswordChange" name="test_change_password_with_wrong_current" time="0.098" /><testcase classname="backend.tests.test_auth_flow.TestPasswordChange" name="test_change_password_success" time="0.289" /><testcase classname="backend.tests.test_auth_flow.TestAutoRefreshSettings" name="test_get_auto_refresh_settings" time="0.095" /><testcase classname="backend.tests.test_auth_flow.TestAutoRefreshSettings" name="test_set_auto_refresh_enabled" time="0.097" /><testcase classname="backend.tests.test_auth_flow.TestAutoRefreshSettings" name="test_set_auto_refresh_disabled" time="0.091" /><testcase classname="backend.tests.test_auth_flow.TestFinancialYearAPI" name="test_get_active_fy" time="0.093" /><testcase classname="backend.tests.test_auth_flow.TestFinancialYearAPI" name="test_get_all_financial_years" time="0.108" /><testcase classname="backend.tests.test_auth_flow.TestBasicAPIs" name="test_root_api" time="0.101" /><testcase classname="backend.tests.test_auth_flow.TestBasicAPIs" name="test_staff_list" time="0.086" /><testcase classname="backend.tests.test_auth_flow.TestBasicAPIs" name="test_parties_list" time="0.098" /><testcase classname="backend.tests.test_auth_flow.TestBasicAPIs" name="test_chit_funds_list" time="0.100" /><testcase classname="backend.tests.test_auth_flow.TestBasicAPIs" name="test_interest_accounts_list" time="0.092" /></testsuite></testsuites>