<?xml version="1.0" encoding="utf-8"?><testsuites name="pytest tests"><testsuite name="pytest" errors="0" failures="0" skipped="0" tests="18" time="4.788" timestamp="2026-03-27T14:21:16.458080+00:00" hostname="agent-env-6940598e-929e-4c1f-ac22-29a38db6ed80"><testcase classname="backend.tests.test_byaj_chitfund.TestByajMonthlyCalculation" name="test_interest_account_creation" time="0.211" /><testcase classname="backend.tests.test_byaj_chitfund.TestByajMonthlyCalculation" name="test_interest_calculation_30_days_equals_1_month" time="0.179" /><testcase classname="backend.tests.test_byaj_chitfund.TestByajMonthlyCalculation" name="test_interest_calculation_45_days_equals_1_5_months" time="0.162" /><testcase classname="backend.tests.test_byaj_chitfund.TestByajMonthlyCalculation" name="test_interest_calculation_60_days_equals_2_months" time="0.168" /><testcase classname="backend.tests.test_byaj_chitfund.TestByajMonthlyCalculation" name="test_interest_calculation_large_principal" time="0.157" /><testcase classname="backend.tests.test_byaj_chitfund.TestByajMonthlyCalculation" name="test_add_interest_to_cashbook" time="0.271" /><testcase classname="backend.tests.test_byaj_chitfund.TestChitFundCRUD" name="test_create_chit_fund" time="0.116" /><testcase classname="backend.tests.test_byaj_chitfund.TestChitFundCRUD" name="test_get_all_chit_funds" time="0.164" /><testcase classname="backend.tests.test_byaj_chitfund.TestChitFundCRUD" name="test_get_chit_fund_by_id" time="0.161" /><testcase classname="backend.tests.test_byaj_chitfund.TestChitFundCRUD" name="test_update_chit_fund" time="0.159" /><testcase classname="backend.tests.test_byaj_chitfund.TestChitFundPayments" name="test_pay_installment_adds_to_cashbook" time="0.331" /><testcase classname="backend.tests.test_byaj_chitfund.TestChitFundPayments" name="test_duplicate_month_payment_blocked" time="0.254" /><testcase classname="backend.tests.test_byaj_chitfund.TestChitFundPayments" name="test_view_payment_history" time="0.475" /><testcase classname="backend.tests.test_byaj_chitfund.TestChitFundWin" name="test_mark_chit_won_adds_credit_to_cashbook" time="0.313" /><testcase classname="backend.tests.test_byaj_chitfund.TestChitFundWin" name="test_duplicate_win_blocked" time="0.265" /><testcase classname="backend.tests.test_byaj_chitfund.TestChitFundSummary" name="test_chit_summary_totals" time="0.759" /><testcase classname="backend.tests.test_byaj_chitfund.TestCashBookChitFundCategory" name="test_cashbook_shows_chit_fund_category" time="0.260" /><testcase classname="backend.tests.test_byaj_chitfund.TestExpensesChitFundCategory" name="test_expense_categories_include_chit_fund" time="0.313" /></testsuite></testsuites>