<?xml version="1.0" encoding="utf-8"?><testsuites name="pytest tests"><testsuite name="pytest" errors="0" failures="0" skipped="0" tests="12" time="4.002" timestamp="2026-03-28T08:12:18.752252+00:00" hostname="agent-env-6940598e-929e-4c1f-ac22-29a38db6ed80"><testcase classname="backend.tests.test_cashbook_unified.TestCashBookAPIs" name="test_get_parties_list" time="0.199" /><testcase classname="backend.tests.test_cashbook_unified.TestCashBookAPIs" name="test_create_credit_transaction" time="0.275" /><testcase classname="backend.tests.test_cashbook_unified.TestCashBookAPIs" name="test_create_debit_transaction_with_category" time="0.190" /><testcase classname="backend.tests.test_cashbook_unified.TestCashBookAPIs" name="test_create_party_inline" time="0.194" /><testcase classname="backend.tests.test_cashbook_unified.TestCashBookAPIs" name="test_create_transaction_with_party" time="0.490" /><testcase classname="backend.tests.test_cashbook_unified.TestCashBookAPIs" name="test_get_cashbook_by_date" time="0.134" /><testcase classname="backend.tests.test_cashbook_unified.TestCashBookAPIs" name="test_get_monthly_cashbook" time="0.099" /><testcase classname="backend.tests.test_cashbook_unified.TestCashBookAPIs" name="test_delete_transaction" time="0.293" /><testcase classname="backend.tests.test_cashbook_unified.TestCashBookAPIs" name="test_payment_modes" time="0.627" /><testcase classname="backend.tests.test_cashbook_unified.TestCashBookAPIs" name="test_expense_categories" time="1.228" /><testcase classname="backend.tests.test_cashbook_unified.TestChitFundInCashBook" name="test_chit_fund_transactions_visible" time="0.094" /><testcase classname="backend.tests.test_cashbook_unified.TestCashBookOpeningBalance" name="test_get_opening_balance" time="0.096" /></testsuite></testsuites>