<?xml version="1.0" encoding="utf-8"?><testsuites name="pytest tests"><testsuite name="pytest" errors="0" failures="0" skipped="0" tests="14" time="3.899" timestamp="2026-03-28T08:21:31.529824+00:00" hostname="agent-env-6940598e-929e-4c1f-ac22-29a38db6ed80"><testcase classname="backend.tests.test_cashbook_autolink.TestCashBookAutoLink" name="test_advance_creates_cashbook_entry" time="0.364" /><testcase classname="backend.tests.test_cashbook_autolink.TestCashBookAutoLink" name="test_salary_pay_creates_cashbook_entry" time="0.288" /><testcase classname="backend.tests.test_cashbook_autolink.TestCashBookAutoLink" name="test_salary_pay_with_zero_net" time="0.186" /><testcase classname="backend.tests.test_cashbook_autolink.TestCashBookAutoLink" name="test_get_salary_payments" time="0.100" /><testcase classname="backend.tests.test_cashbook_autolink.TestCashBookAutoLink" name="test_byaj_adds_to_cashbook" time="0.387" /><testcase classname="backend.tests.test_cashbook_autolink.TestCashBookAutoLink" name="test_chit_monthly_entry_creates_cashbook" time="0.300" /><testcase classname="backend.tests.test_cashbook_autolink.TestCashBookAutoLink" name="test_cashbook_shows_all_entry_types" time="0.358" /><testcase classname="backend.tests.test_cashbook_autolink.TestCashBookAutoLink" name="test_cashbook_summary_cards" time="0.178" /><testcase classname="backend.tests.test_cashbook_autolink.TestCashBookAutoLink" name="test_party_transaction_updates_balance" time="0.302" /><testcase classname="backend.tests.test_cashbook_autolink.TestCashBookAutoLink" name="test_expense_category_tracking" time="0.459" /><testcase classname="backend.tests.test_cashbook_autolink.TestCashBookEntryForm" name="test_create_credit_entry" time="0.142" /><testcase classname="backend.tests.test_cashbook_autolink.TestCashBookEntryForm" name="test_create_debit_entry_with_category" time="0.155" /><testcase classname="backend.tests.test_cashbook_autolink.TestCashBookEntryForm" name="test_create_entry_with_new_party" time="0.301" /><testcase classname="backend.tests.test_cashbook_autolink.TestCashBookEntryForm" name="test_all_payment_modes" time="0.310" /></testsuite></testsuites>