<?xml version="1.0" encoding="utf-8"?><testsuites name="pytest tests"><testsuite name="pytest" errors="0" failures="0" skipped="0" tests="10" time="5.282" timestamp="2026-03-28T07:59:38.987392+00:00" hostname="agent-env-6940598e-929e-4c1f-ac22-29a38db6ed80"><testcase classname="backend.tests.test_chit_simplified.TestPaidMonthsAPI" name="test_get_paid_months_empty" time="0.382" /><testcase classname="backend.tests.test_chit_simplified.TestPaidMonthsAPI" name="test_get_paid_months_after_entries" time="0.628" /><testcase classname="backend.tests.test_chit_simplified.TestMonthlyEntryDividendReceived" name="test_add_entry_with_dividend_received" time="0.369" /><testcase classname="backend.tests.test_chit_simplified.TestMonthlyEntryDividendReceived" name="test_effective_cost_calculation" time="0.734" /><testcase classname="backend.tests.test_chit_simplified.TestMonthlyEntryDividendReceived" name="test_duplicate_month_entry_blocked" time="0.412" /><testcase classname="backend.tests.test_chit_simplified.TestMonthlyEntryDividendReceived" name="test_entry_updates_chit_totals" time="0.677" /><testcase classname="backend.tests.test_chit_simplified.TestCashBookTransaction" name="test_transaction_description_format" time="0.297" /><testcase classname="backend.tests.test_chit_simplified.TestMonthlyEntriesList" name="test_entries_have_dividend_received_and_effective_cost" time="0.409" /><testcase classname="backend.tests.test_chit_simplified.TestChitSummary" name="test_summary_net_profit_calculation" time="0.584" /><testcase classname="backend.tests.test_chit_simplified.TestDeleteEntry" name="test_delete_entry_updates_totals" time="0.697" /></testsuite></testsuites>