<?xml version="1.0" encoding="utf-8"?><testsuites name="pytest tests"><testsuite name="pytest" errors="0" failures="0" skipped="0" tests="17" time="6.678" timestamp="2026-03-28T07:41:03.202702+00:00" hostname="agent-env-6940598e-929e-4c1f-ac22-29a38db6ed80"><testcase classname="backend.tests.test_chit_fund_dividend.TestChitFundCRUD" name="test_create_chit_fund_with_chit_value" time="0.165" /><testcase classname="backend.tests.test_chit_fund_dividend.TestChitFundCRUD" name="test_get_all_chit_funds" time="0.177" /><testcase classname="backend.tests.test_chit_fund_dividend.TestChitFundCRUD" name="test_get_chit_fund_by_id" time="0.207" /><testcase classname="backend.tests.test_chit_fund_dividend.TestChitFundCRUD" name="test_update_chit_fund" time="0.248" /><testcase classname="backend.tests.test_chit_fund_dividend.TestMonthlyEntryDividend" name="test_add_monthly_entry_calculates_dividend" time="0.219" /><testcase classname="backend.tests.test_chit_fund_dividend.TestMonthlyEntryDividend" name="test_dividend_calculation_formula" time="0.519" /><testcase classname="backend.tests.test_chit_fund_dividend.TestMonthlyEntryDividend" name="test_duplicate_month_entry_blocked" time="0.317" /><testcase classname="backend.tests.test_chit_fund_dividend.TestMonthlyEntryDividend" name="test_monthly_entry_updates_chit_totals" time="0.517" /><testcase classname="backend.tests.test_chit_fund_dividend.TestGetMonthlyEntries" name="test_get_monthly_entries" time="0.421" /><testcase classname="backend.tests.test_chit_fund_dividend.TestChitLift" name="test_lift_chit_adds_credit_to_cashbook" time="0.338" /><testcase classname="backend.tests.test_chit_fund_dividend.TestChitLift" name="test_duplicate_lift_blocked" time="0.370" /><testcase classname="backend.tests.test_chit_fund_dividend.TestDeleteMonthlyEntry" name="test_delete_entry_updates_totals" time="0.690" /><testcase classname="backend.tests.test_chit_fund_dividend.TestChitSummary" name="test_single_chit_summary_not_lifted" time="0.512" /><testcase classname="backend.tests.test_chit_fund_dividend.TestChitSummary" name="test_single_chit_summary_lifted" time="0.854" /><testcase classname="backend.tests.test_chit_fund_dividend.TestChitSummary" name="test_overall_summary_all_chits" time="0.461" /><testcase classname="backend.tests.test_chit_fund_dividend.TestCashBookIntegration" name="test_monthly_entry_creates_debit_transaction" time="0.297" /><testcase classname="backend.tests.test_chit_fund_dividend.TestCashBookIntegration" name="test_cashbook_shows_chit_transactions" time="0.297" /></testsuite></testsuites>