<?xml version="1.0" encoding="utf-8"?><testsuites name="pytest tests"><testsuite name="pytest" errors="0" failures="0" skipped="0" tests="18" time="2.651" timestamp="2026-03-28T10:24:14.898819+00:00" hostname="agent-env-6940598e-929e-4c1f-ac22-29a38db6ed80"><testcase classname="backend.tests.test_dashboard_settings.TestDashboardAPIs" name="test_staff_endpoint" time="0.223" /><testcase classname="backend.tests.test_dashboard_settings.TestDashboardAPIs" name="test_attendance_by_date" time="0.135" /><testcase classname="backend.tests.test_dashboard_settings.TestDashboardAPIs" name="test_parties_endpoint" time="0.131" /><testcase classname="backend.tests.test_dashboard_settings.TestDashboardAPIs" name="test_cashbook_monthly" time="0.137" /><testcase classname="backend.tests.test_dashboard_settings.TestDashboardAPIs" name="test_chit_funds_endpoint" time="0.147" /><testcase classname="backend.tests.test_dashboard_settings.TestDashboardAPIs" name="test_expenses_summary" time="0.091" /><testcase classname="backend.tests.test_dashboard_settings.TestDashboardAPIs" name="test_interest_accounts_endpoint" time="0.098" /><testcase classname="backend.tests.test_dashboard_settings.TestDashboardAPIs" name="test_profit_loss_report" time="0.141" /><testcase classname="backend.tests.test_dashboard_settings.TestSettingsAPI" name="test_get_settings_default" time="0.089" /><testcase classname="backend.tests.test_dashboard_settings.TestSettingsAPI" name="test_save_settings" time="0.207" /><testcase classname="backend.tests.test_dashboard_settings.TestSettingsAPI" name="test_settings_persistence" time="0.182" /><testcase classname="backend.tests.test_dashboard_settings.TestBackupAPI" name="test_export_backup" time="0.101" /><testcase classname="backend.tests.test_dashboard_settings.TestBackupAPI" name="test_backup_contains_data" time="0.150" /><testcase classname="backend.tests.test_dashboard_settings.TestBackupAPI" name="test_restore_backup_validation" time="0.126" /><testcase classname="backend.tests.test_dashboard_settings.TestPartyLedgerAPI" name="test_get_party_ledger" time="0.198" /><testcase classname="backend.tests.test_dashboard_settings.TestPartyLedgerAPI" name="test_ledger_with_sub_ledgers" time="0.201" /><testcase classname="backend.tests.test_dashboard_settings.TestAuthAPI" name="test_login_with_correct_password" time="0.107" /><testcase classname="backend.tests.test_dashboard_settings.TestAuthAPI" name="test_login_with_wrong_password" time="0.096" /></testsuite></testsuites>