<?xml version="1.0" encoding="utf-8"?><testsuites name="pytest tests"><testsuite name="pytest" errors="0" failures="0" skipped="0" tests="20" time="2.925" timestamp="2026-03-28T07:16:44.691399+00:00" hostname="agent-env-6940598e-929e-4c1f-ac22-29a38db6ed80"><testcase classname="backend.tests.test_fy_opening_balance.TestCashOpeningBalance" name="test_get_cash_opening_balance" time="0.131" /><testcase classname="backend.tests.test_fy_opening_balance.TestCashOpeningBalance" name="test_set_cash_opening_balance" time="0.209" /><testcase classname="backend.tests.test_fy_opening_balance.TestFinancialYears" name="test_get_financial_years" time="0.137" /><testcase classname="backend.tests.test_fy_opening_balance.TestFinancialYears" name="test_get_active_financial_year" time="0.113" /><testcase classname="backend.tests.test_fy_opening_balance.TestProfitLossFYFilter" name="test_pl_without_filter" time="0.100" /><testcase classname="backend.tests.test_fy_opening_balance.TestProfitLossFYFilter" name="test_pl_with_month_filter" time="0.104" /><testcase classname="backend.tests.test_fy_opening_balance.TestProfitLossFYFilter" name="test_pl_with_fy_filter" time="0.200" /><testcase classname="backend.tests.test_fy_opening_balance.TestBalanceSheetFYFilter" name="test_balance_sheet_without_filter" time="0.100" /><testcase classname="backend.tests.test_fy_opening_balance.TestBalanceSheetFYFilter" name="test_balance_sheet_with_fy_filter" time="0.196" /><testcase classname="backend.tests.test_fy_opening_balance.TestBalanceSheetFYFilter" name="test_balance_sheet_includes_cash_opening_balance" time="0.193" /><testcase classname="backend.tests.test_fy_opening_balance.TestPartyOpeningBalance" name="test_create_party_with_opening_balance" time="0.099" /><testcase classname="backend.tests.test_fy_opening_balance.TestPartyOpeningBalance" name="test_update_party_opening_balance" time="0.448" /><testcase classname="backend.tests.test_fy_opening_balance.TestNavigationTabs" name="test_navigation_endpoint[/api/staff-Staff]" time="0.104" /><testcase classname="backend.tests.test_fy_opening_balance.TestNavigationTabs" name="test_navigation_endpoint[/api/transactions-Cash Book]" time="0.090" /><testcase classname="backend.tests.test_fy_opening_balance.TestNavigationTabs" name="test_navigation_endpoint[/api/parties-Party Ledger]" time="0.107" /><testcase classname="backend.tests.test_fy_opening_balance.TestNavigationTabs" name="test_navigation_endpoint[/api/interest-accounts-Byaj]" time="0.091" /><testcase classname="backend.tests.test_fy_opening_balance.TestNavigationTabs" name="test_navigation_endpoint[/api/expenses-Expenses]" time="0.104" /><testcase classname="backend.tests.test_fy_opening_balance.TestNavigationTabs" name="test_navigation_endpoint[/api/chit-funds-Chit Fund]" time="0.097" /><testcase classname="backend.tests.test_fy_opening_balance.TestNavigationTabs" name="test_navigation_endpoint[/api/reports/simple-profit-loss-P&amp;L]" time="0.097" /><testcase classname="backend.tests.test_fy_opening_balance.TestNavigationTabs" name="test_navigation_endpoint[/api/reports/simple-balance-sheet-Balance Sheet]" time="0.116" /></testsuite></testsuites>