<?xml version="1.0" encoding="utf-8"?><testsuites name="pytest tests"><testsuite name="pytest" errors="0" failures="0" skipped="0" tests="9" time="2.415" timestamp="2026-03-28T09:40:45.272427+00:00" hostname="agent-env-6940598e-929e-4c1f-ac22-29a38db6ed80"><testcase classname="backend.tests.test_hierarchical_ledger.TestLeafPartiesAPI" name="test_leaf_parties_excludes_parents" time="0.188" /><testcase classname="backend.tests.test_hierarchical_ledger.TestLeafPartiesAPI" name="test_leaf_parties_returns_only_non_parents" time="0.191" /><testcase classname="backend.tests.test_hierarchical_ledger.TestParentLedgerView" name="test_parent_ledger_includes_sub_ledger_transactions" time="0.220" /><testcase classname="backend.tests.test_hierarchical_ledger.TestParentLedgerView" name="test_parent_ledger_entries_show_sub_ledger_name" time="0.191" /><testcase classname="backend.tests.test_hierarchical_ledger.TestAutoCreateSubLedger" name="test_create_staff_creates_sub_ledger" time="0.383" /><testcase classname="backend.tests.test_hierarchical_ledger.TestAutoCreateSubLedger" name="test_create_chit_fund_creates_sub_ledger" time="0.377" /><testcase classname="backend.tests.test_hierarchical_ledger.TestAutoCreateSubLedger" name="test_create_interest_account_creates_sub_ledger" time="0.601" /><testcase classname="backend.tests.test_hierarchical_ledger.TestParentLedgerBadge" name="test_parent_has_sub_ledger_count" time="0.092" /><testcase classname="backend.tests.test_hierarchical_ledger.TestParentLedgerAccountHead" name="test_auto_created_parents_have_correct_account_head" time="0.096" /></testsuite></testsuites>