<?xml version="1.0" encoding="utf-8"?><testsuites name="pytest tests"><testsuite name="pytest" errors="0" failures="0" skipped="0" tests="10" time="1.600" timestamp="2026-03-28T10:04:20.147590+00:00" hostname="agent-env-6940598e-929e-4c1f-ac22-29a38db6ed80"><testcase classname="backend.tests.test_new_features.TestPartyLedgerFeatures" name="test_get_all_parties" time="0.119" /><testcase classname="backend.tests.test_new_features.TestPartyLedgerFeatures" name="test_get_leaf_parties" time="0.126" /><testcase classname="backend.tests.test_new_features.TestPartyLedgerFeatures" name="test_get_grouped_parties" time="0.089" /><testcase classname="backend.tests.test_new_features.TestPartyLedgerFeatures" name="test_get_party_ledger" time="0.190" /><testcase classname="backend.tests.test_new_features.TestChitFundFeatures" name="test_get_all_chit_funds" time="0.103" /><testcase classname="backend.tests.test_new_features.TestChitFundFeatures" name="test_chit_fund_has_opening_fields" time="0.093" /><testcase classname="backend.tests.test_new_features.TestChitFundFeatures" name="test_chit_fund_summary" time="0.229" /><testcase classname="backend.tests.test_new_features.TestChitFundFeatures" name="test_chit_fund_paid_months" time="0.188" /><testcase classname="backend.tests.test_new_features.TestChitFundFeatures" name="test_update_chit_fund_opening" time="0.212" /><testcase classname="backend.tests.test_new_features.TestProfitCalculation" name="test_profit_calculation_formula" time="0.191" /></testsuite></testsuites>