<?xml version="1.0" encoding="utf-8"?><testsuites name="pytest tests"><testsuite name="pytest" errors="0" failures="0" skipped="0" tests="17" time="6.242" timestamp="2026-03-27T14:37:37.459721+00:00" hostname="agent-env-6940598e-929e-4c1f-ac22-29a38db6ed80"><testcase classname="backend.tests.test_proper_accounting.TestFinancialYear" name="test_get_active_financial_year" time="0.286" /><testcase classname="backend.tests.test_proper_accounting.TestChartOfAccounts" name="test_initialize_default_accounts" time="0.236" /><testcase classname="backend.tests.test_proper_accounting.TestChartOfAccounts" name="test_get_accounts_grouped" time="0.247" /><testcase classname="backend.tests.test_proper_accounting.TestChartOfAccounts" name="test_create_new_account" time="0.387" /><testcase classname="backend.tests.test_proper_accounting.TestChartOfAccounts" name="test_get_account_ledger" time="0.384" /><testcase classname="backend.tests.test_proper_accounting.TestJournalEntry" name="test_create_payment_voucher_balanced" time="0.405" /><testcase classname="backend.tests.test_proper_accounting.TestJournalEntry" name="test_reject_unbalanced_entry" time="0.211" /><testcase classname="backend.tests.test_proper_accounting.TestJournalEntry" name="test_account_balance_updates_after_voucher" time="0.795" /><testcase classname="backend.tests.test_proper_accounting.TestJournalEntry" name="test_all_voucher_types" time="1.525" /><testcase classname="backend.tests.test_proper_accounting.TestTrialBalance" name="test_get_trial_balance" time="0.114" /><testcase classname="backend.tests.test_proper_accounting.TestTrialBalance" name="test_trial_balance_debit_equals_credit" time="0.117" /><testcase classname="backend.tests.test_proper_accounting.TestProfitLossStatement" name="test_get_profit_loss_statement" time="0.120" /><testcase classname="backend.tests.test_proper_accounting.TestProfitLossStatement" name="test_net_profit_calculation" time="0.109" /><testcase classname="backend.tests.test_proper_accounting.TestBalanceSheet" name="test_get_balance_sheet" time="0.158" /><testcase classname="backend.tests.test_proper_accounting.TestBalanceSheet" name="test_balance_sheet_equation" time="0.133" /><testcase classname="backend.tests.test_proper_accounting.TestOpeningBalance" name="test_create_opening_balance" time="0.332" /><testcase classname="backend.tests.test_proper_accounting.TestIntegration" name="test_complete_accounting_workflow" time="0.582" /></testsuite></testsuites>