<?xml version="1.0" encoding="utf-8"?><testsuites name="pytest tests"><testsuite name="pytest" errors="0" failures="0" skipped="0" tests="26" time="66.526" timestamp="2026-03-27T13:45:13.173888+00:00" hostname="agent-env-6940598e-929e-4c1f-ac22-29a38db6ed80"><testcase classname="backend.tests.test_staff_attendance_app.TestHealthAndRoot" name="test_api_root" time="0.228" /><testcase classname="backend.tests.test_staff_attendance_app.TestStaffCRUD" name="test_get_all_staff" time="0.109" /><testcase classname="backend.tests.test_staff_attendance_app.TestStaffCRUD" name="test_create_staff" time="0.326" /><testcase classname="backend.tests.test_staff_attendance_app.TestStaffCRUD" name="test_get_staff_by_id" time="0.255" /><testcase classname="backend.tests.test_staff_attendance_app.TestStaffCRUD" name="test_update_staff" time="0.446" /><testcase classname="backend.tests.test_staff_attendance_app.TestStaffCRUD" name="test_delete_staff" time="0.420" /><testcase classname="backend.tests.test_staff_attendance_app.TestStaffCRUD" name="test_get_nonexistent_staff" time="0.110" /><testcase classname="backend.tests.test_staff_attendance_app.TestAttendance" name="test_mark_attendance_present" time="0.324" /><testcase classname="backend.tests.test_staff_attendance_app.TestAttendance" name="test_mark_attendance_absent" time="0.317" /><testcase classname="backend.tests.test_staff_attendance_app.TestAttendance" name="test_mark_attendance_half_day" time="0.354" /><testcase classname="backend.tests.test_staff_attendance_app.TestAttendance" name="test_update_existing_attendance" time="0.437" /><testcase classname="backend.tests.test_staff_attendance_app.TestAttendance" name="test_get_attendance_by_month" time="0.667" /><testcase classname="backend.tests.test_staff_attendance_app.TestAttendance" name="test_get_attendance_by_date" time="0.419" /><testcase classname="backend.tests.test_staff_attendance_app.TestSalaryCalculation" name="test_salary_calculation_30_day_basis" time="2.267" /><testcase classname="backend.tests.test_staff_attendance_app.TestSalaryCalculation" name="test_salary_attendance_counts" time="2.268" /><testcase classname="backend.tests.test_staff_attendance_app.TestSalaryCalculation" name="test_salary_earned_calculation" time="2.301" /><testcase classname="backend.tests.test_staff_attendance_app.TestSalaryCalculation" name="test_salary_deducted_calculation" time="4.333" /><testcase classname="backend.tests.test_staff_attendance_app.TestAdvances" name="test_create_advance" time="47.719" /><testcase classname="backend.tests.test_staff_attendance_app.TestAdvances" name="test_get_all_advances" time="0.627" /><testcase classname="backend.tests.test_staff_attendance_app.TestAdvances" name="test_get_staff_advances" time="0.550" /><testcase classname="backend.tests.test_staff_attendance_app.TestAdvances" name="test_get_advances_by_month" time="0.536" /><testcase classname="backend.tests.test_staff_attendance_app.TestAdvances" name="test_delete_advance" time="0.424" /><testcase classname="backend.tests.test_staff_attendance_app.TestAdvances" name="test_advance_summary" time="0.430" /><testcase classname="backend.tests.test_staff_attendance_app.TestAdvances" name="test_create_advance_invalid_staff" time="0.341" /><testcase classname="backend.tests.test_staff_attendance_app.TestWhatsNewAndVersion" name="test_get_whats_new" time="0.110" /><testcase classname="backend.tests.test_staff_attendance_app.TestWhatsNewAndVersion" name="test_get_app_version" time="0.111" /></testsuite></testsuites>