<?xml version="1.0" encoding="utf-8"?><testsuites name="pytest tests"><testsuite name="pytest" errors="0" failures="0" skipped="0" tests="25" time="3.334" timestamp="2026-03-28T07:06:29.934414+00:00" hostname="agent-env-6940598e-929e-4c1f-ac22-29a38db6ed80"><testcase classname="tests.test_simple_reports.TestSimpleProfitLoss" name="test_simple_pl_all_time" time="0.194" /><testcase classname="tests.test_simple_reports.TestSimpleProfitLoss" name="test_simple_pl_with_month_filter" time="0.155" /><testcase classname="tests.test_simple_reports.TestSimpleProfitLoss" name="test_simple_pl_current_month" time="0.100" /><testcase classname="tests.test_simple_reports.TestSimpleProfitLoss" name="test_simple_pl_expense_categories" time="0.100" /><testcase classname="tests.test_simple_reports.TestSimpleBalanceSheet" name="test_balance_sheet_structure" time="0.144" /><testcase classname="tests.test_simple_reports.TestSimpleBalanceSheet" name="test_balance_sheet_assets" time="0.093" /><testcase classname="tests.test_simple_reports.TestSimpleBalanceSheet" name="test_balance_sheet_liabilities" time="0.095" /><testcase classname="tests.test_simple_reports.TestSimpleBalanceSheet" name="test_balance_sheet_capital" time="0.104" /><testcase classname="tests.test_simple_reports.TestSimpleBalanceSheet" name="test_balance_sheet_equation" time="0.092" /><testcase classname="tests.test_simple_reports.TestSimpleBalanceSheet" name="test_balance_sheet_debtors_list" time="0.098" /><testcase classname="tests.test_simple_reports.TestSimpleBalanceSheet" name="test_balance_sheet_creditors_list" time="0.112" /><testcase classname="tests.test_simple_reports.TestNavigationTabs" name="test_dashboard_api" time="0.164" /><testcase classname="tests.test_simple_reports.TestNavigationTabs" name="test_staff_api" time="0.128" /><testcase classname="tests.test_simple_reports.TestNavigationTabs" name="test_attendance_api" time="0.115" /><testcase classname="tests.test_simple_reports.TestNavigationTabs" name="test_cashbook_api" time="0.099" /><testcase classname="tests.test_simple_reports.TestNavigationTabs" name="test_parties_api" time="0.117" /><testcase classname="tests.test_simple_reports.TestNavigationTabs" name="test_interest_api" time="0.122" /><testcase classname="tests.test_simple_reports.TestNavigationTabs" name="test_expenses_api" time="0.105" /><testcase classname="tests.test_simple_reports.TestNavigationTabs" name="test_reports_api" time="0.120" /><testcase classname="tests.test_simple_reports.TestNavigationTabs" name="test_chitfund_api" time="0.111" /><testcase classname="tests.test_simple_reports.TestNavigationTabs" name="test_simple_pl_api" time="0.099" /><testcase classname="tests.test_simple_reports.TestNavigationTabs" name="test_simple_balance_sheet_api" time="0.107" /><testcase classname="tests.test_simple_reports.TestDataIntegration" name="test_transactions_affect_pl" time="0.205" /><testcase classname="tests.test_simple_reports.TestDataIntegration" name="test_advances_in_balance_sheet" time="0.200" /><testcase classname="tests.test_simple_reports.TestDataIntegration" name="test_chitfund_in_balance_sheet" time="0.207" /></testsuite></testsuites>